2023-03-10 16:22:54.8195||WARN|WebTalkApi.Middleware.ErrorHandlingMiddleware|Test 
2023-03-10 16:22:56.4170||WARN|WebTalkApi.Middleware.ErrorHandlingMiddleware|Test 
2023-03-10 16:42:02.9685||WARN|WebTalkApi.Services.AccountService|User testemail2@em.pl login failed. Bad password 
2023-03-10 16:42:02.9700||WARN|WebTalkApi.Middleware.ErrorHandlingMiddleware|Incorrect Email or Password WebTalkApi.Exceptions.BadRequestException: Incorrect Email or Password
   at WebTalkApi.Services.AccountService.LoginUser(LoginUserDto loginDto) in Y:\CsProjects\WebTalkApi\Services\AccountService.cs:line 44
   at WebTalkApi.Controllers.AccountController.Login(LoginUserDto loginDto) in Y:\CsProjects\WebTalkApi\Controllers\AccountController.cs:line 30
   at lambda_method10(Closure , Object , Object[] )
   at Microsoft.AspNetCore.Mvc.Infrastructure.ActionMethodExecutor.SyncActionResultExecutor.Execute(IActionResultTypeMapper mapper, ObjectMethodExecutor executor, Object controller, Object[] arguments)
   at Microsoft.AspNetCore.Mvc.Infrastructure.ControllerActionInvoker.<InvokeActionMethodAsync>g__Logged|12_1(ControllerActionInvoker invoker)
   at Microsoft.AspNetCore.Mvc.Infrastructure.ControllerActionInvoker.<InvokeNextActionFilterAsync>g__Awaited|10_0(ControllerActionInvoker invoker, Task lastTask, State next, Scope scope, Object state, Boolean isCompleted)
   at Microsoft.AspNetCore.Mvc.Infrastructure.ControllerActionInvoker.Rethrow(ActionExecutedContextSealed context)
   at Microsoft.AspNetCore.Mvc.Infrastructure.ControllerActionInvoker.Next(State& next, Scope& scope, Object& state, Boolean& isCompleted)
   at Microsoft.AspNetCore.Mvc.Infrastructure.ControllerActionInvoker.InvokeInnerFilterAsync()
--- End of stack trace from previous location ---
   at Microsoft.AspNetCore.Mvc.Infrastructure.ResourceInvoker.<InvokeFilterPipelineAsync>g__Awaited|20_0(ResourceInvoker invoker, Task lastTask, State next, Scope scope, Object state, Boolean isCompleted)
   at Microsoft.AspNetCore.Mvc.Infrastructure.ResourceInvoker.<InvokeAsync>g__Logged|17_1(ResourceInvoker invoker)
   at Microsoft.AspNetCore.Mvc.Infrastructure.ResourceInvoker.<InvokeAsync>g__Logged|17_1(ResourceInvoker invoker)
   at Microsoft.AspNetCore.Routing.EndpointMiddleware.<Invoke>g__AwaitRequestTask|6_0(Endpoint endpoint, Task requestTask, ILogger logger)
   at Microsoft.AspNetCore.Authorization.AuthorizationMiddleware.Invoke(HttpContext context)
   at Microsoft.AspNetCore.Authentication.AuthenticationMiddleware.Invoke(HttpContext context)
   at WebTalkApi.Middleware.ErrorHandlingMiddleware.InvokeAsync(HttpContext context, RequestDelegate next) in Y:\CsProjects\WebTalkApi\Middleware\ErrorHandlingMiddleware.cs:line 17
